This is pdfeTeX, Version 3.141592-1.21a-2.2 (Web2C 7.5.4) (format=latex 2007.4.11)  29 MAY 2007 09:37
entering extended mode
**api.tex
(./api.tex
LaTeX2e <2003/12/01>
Babel <v3.8d> and hyphenation patterns for american, french, german, ngerman, b
ahasa, basque, bulgarian, catalan, croatian, czech, danish, dutch, esperanto, e
stonian, finnish, greek, icelandic, irish, italian, latin, magyar, norsk, polis
h, portuges, romanian, russian, serbian, slovak, slovene, spanish, swedish, tur
kish, ukrainian, nohyphenation, loaded.
(/usr/share/texmf-tetex/tex/latex/base/article.cls
Document Class: article 2004/02/16 v1.4f Standard LaTeX document class
(/usr/share/texmf-tetex/tex/latex/base/size10.clo
File: size10.clo 2004/02/16 v1.4f Standard LaTeX file (size option)
)
\c@part=\count79
\c@section=\count80
\c@subsection=\count81
\c@subsubsection=\count82
\c@paragraph=\count83
\c@subparagraph=\count84
\c@figure=\count85
\c@table=\count86
\abovecaptionskip=\skip41
\belowcaptionskip=\skip42
\bibindent=\dimen102
)
(/usr/share/texmf-tetex/tex/latex/base/alltt.sty
Package: alltt 1997/06/16 v2.0g defines alltt environment
)
(/usr/share/texmf-tetex/tex/latex/parskip/parskip.sty
Package: parskip 2001/04/09 non-zero parskip adjustments
)
(/usr/share/texmf-tetex/tex/latex/fancyhdr/fancyhdr.sty
\fancy@headwidth=\skip43
\f@ncyO@elh=\skip44
\f@ncyO@erh=\skip45
\f@ncyO@olh=\skip46
\f@ncyO@orh=\skip47
\f@ncyO@elf=\skip48
\f@ncyO@erf=\skip49
\f@ncyO@olf=\skip50
\f@ncyO@orf=\skip51
)
(/usr/share/texmf-tetex/tex/latex/boxedminipage/boxedminipage.sty)
(/usr/share/texmf-tetex/tex/latex/base/makeidx.sty
Package: makeidx 2000/03/29 v1.0m Standard LaTeX package
)
(/usr/share/texmf-texlive/tex/latex/multirow/multirow.sty
\bigstrutjot=\dimen103
)
(/usr/share/texmf-tetex/tex/latex/tools/longtable.sty
Package: longtable 2004/02/01 v4.11 Multi-page Table package (DPC)
\LTleft=\skip52
\LTright=\skip53
\LTpre=\skip54
\LTpost=\skip55
\LTchunksize=\count87
\LTcapwidth=\dimen104
\LT@head=\box26
\LT@firsthead=\box27
\LT@foot=\box28
\LT@lastfoot=\box29
\LT@cols=\count88
\LT@rows=\count89
\c@LT@tables=\count90
\c@LT@chunks=\count91
\LT@p@ftn=\toks14
)
(/usr/share/texmf-texlive/tex/latex/tocbibind/tocbibind.sty
Package: tocbibind 2003/03/13 v1.5g extra ToC listings


Package tocbibind Note: The document has section divisions.


Package tocbibind Note: Using section or other style headings.

) (/usr/share/texmf-tetex/tex/latex/amsfonts/amssymb.sty
Package: amssymb 2002/01/22 v2.2d

(/usr/share/texmf-tetex/tex/latex/amsfonts/amsfonts.sty
Package: amsfonts 2001/10/25 v2.2f
\@emptytoks=\toks15
\symAMSa=\mathgroup4
\symAMSb=\mathgroup5
LaTeX Font Info:    Overwriting math alphabet `\mathfrak' in version `bold'
(Font)                  U/euf/m/n --> U/euf/b/n on input line 132.
))
(/usr/share/texmf-texlive/tex/latex/preprint/fullpage.sty
Package: fullpage 1999/02/23 1.1 (PWD)
\FP@margin=\skip56
)
(/usr/share/texmf-tetex/tex/latex/graphics/color.sty
Package: color 1999/02/16 v1.0i Standard LaTeX Color (DPC)

(/usr/share/texmf-tetex/tex/latex/graphics/color.cfg
File: color.cfg 2005/02/03 v1.3 color configuration of teTeX/TeXLive
)
Package color Info: Driver file: dvips.def on input line 125.

(/usr/share/texmf-tetex/tex/latex/graphics/dvips.def
File: dvips.def 1999/02/16 v3.0i Driver-dependant file (DPC,SPQR)
)
(/usr/share/texmf-tetex/tex/latex/graphics/dvipsnam.def
File: dvipsnam.def 1999/02/16 v3.0i Driver-dependant file (DPC,SPQR)
))
\BCL=\skip57
Package color Info: Redefining color py@inputcolour on input line 34.

(/usr/share/texmf-tetex/tex/latex/base/inputenc.sty
Package: inputenc 2004/02/05 v1.0d Input encoding file

(/usr/share/texmf-tetex/tex/latex/base/latin1.def
File: latin1.def 2004/02/05 v1.0d Input encoding file
))
(/usr/share/texmf-tetex/tex/latex/hyperref/hyperref.sty
Package: hyperref 2003/11/30 v6.74m Hypertext links for LaTeX

(/usr/share/texmf-tetex/tex/latex/graphics/keyval.sty
Package: keyval 1999/03/16 v1.13 key=value parser (DPC)
\KV@toks@=\toks16
)
\@linkdim=\dimen105
\Hy@linkcounter=\count92
\Hy@pagecounter=\count93

(/usr/share/texmf-tetex/tex/latex/hyperref/pd1enc.def
File: pd1enc.def 2003/11/30 v6.74m Hyperref: PDFDocEncoding definition (HO)
)
(/usr/share/texmf-tetex/tex/latex/hyperref/hyperref.cfg
File: hyperref.cfg 2002/06/06 v1.2 hyperref configuration of TeXLive and teTeX
)
Package hyperref Info: Option `bookmarks' set `true' on input line 1830.
Package hyperref Info: Option `bookmarksopen' set `false' on input line 1830.
Package hyperref Info: Option `colorlinks' set `true' on input line 1830.
Package hyperref Info: Hyper figures OFF on input line 1880.
Package hyperref Info: Link nesting OFF on input line 1885.
Package hyperref Info: Hyper index ON on input line 1888.
Package hyperref Info: Plain pages ON on input line 1893.
Package hyperref Info: Backreferencing ON on input line 1898.

Implicit mode ON; LaTeX internals redefined
Package hyperref Info: Bookmarks ON on input line 2004.
(/usr/share/texmf-tetex/tex/latex/hyperref/backref.sty
Package: backref 2003/03/20 v1.23 Bibliographical back referencing
)
(/usr/share/texmf-tetex/tex/latex/url/url.sty
\Urlmuskip=\muskip10
Package: url 2004/03/15  ver 3.1  Verb mode for urls, etc.
)
LaTeX Info: Redefining \url on input line 2143.
\Fld@menulength=\count94
\Field@Width=\dimen106
\Fld@charsize=\dimen107
\Choice@toks=\toks17
\Field@toks=\toks18
Package hyperref Info: Hyper figures OFF on input line 2618.
Package hyperref Info: Link nesting OFF on input line 2623.
Package hyperref Info: Hyper index ON on input line 2626.
Package hyperref Info: backreferencing ON on input line 2631.
Package hyperref Info: Link coloring ON on input line 2636.
\c@Item=\count95
\c@Hfootnote=\count96
)
*hyperref using driver hdvips*
(/usr/share/texmf-tetex/tex/latex/hyperref/hdvips.def
File: hdvips.def 2003/11/30 v6.74m Hyperref driver for dvips

(/usr/share/texmf-tetex/tex/latex/hyperref/pdfmark.def
File: pdfmark.def 2003/11/30 v6.74m Hyperref definitions for pdfmark specials
\pdf@docset=\toks19
\pdf@box=\box30
\pdf@toks=\toks20
\pdf@defaulttoks=\toks21
\Fld@listcount=\count97
\@outlinefile=\write3
))
\@indexfile=\write4
\openout4 = `api.idx'.


Writing index file api.idx
(./api.aux (./Epigrass-module.aux) (./Epigrass.CustomModel-module.aux)
(./Epigrass.about-module.aux) (./Epigrass.cpanel-module.aux)
(./Epigrass.dataObject-module.aux) (./Epigrass.data_io-module.aux)
(./Epigrass.dgraph-module.aux) (./Epigrass.epigrass-module.aux

LaTeX Warning: Label `Epigrass:cpanel:MainPanel:Main_layout_destroyed' multiply
 defined.


LaTeX Warning: Label `Epigrass:cpanel:MainPanel:languageChange' multiply define
d.

) (./Epigrass.epiplay-module.aux) (./Epigrass.manager-module.aux)
(./Epigrass.report-module.aux) (./Epigrass.rinterface-module.aux)
(./Epigrass.simobj-module.aux) (./Epigrass.spread-module.aux)
(./Epigrass.testinst-module.aux

LaTeX Warning: Label `unittest:TestCase:failUnlessAlmostEqual' multiply defined
.


LaTeX Warning: Label `unittest:TestCase:failUnlessEqual' multiply defined.


LaTeX Warning: Label `unittest:TestCase:failIfAlmostEqual' multiply defined.


LaTeX Warning: Label `unittest:TestCase:failIfEqual' multiply defined.


LaTeX Warning: Label `unittest:TestCase:failUnless' multiply defined.


LaTeX Warning: Label `unittest:TestCase:failIf' multiply defined.


LaTeX Warning: Label `unittest:TestCase:failIfAlmostEqual' multiply defined.


LaTeX Warning: Label `unittest:TestCase:failIfEqual' multiply defined.


LaTeX Warning: Label `unittest:TestCase:failUnless' multiply defined.


LaTeX Warning: Label `unittest:TestCase:failUnlessAlmostEqual' multiply defined
.


LaTeX Warning: Label `unittest:TestCase:failUnlessEqual' multiply defined.


LaTeX Warning: Label `unittest:TestCase:failUnlessRaises' multiply defined.

) (./epigrass-module.aux

LaTeX Warning: Label `Epigrass:cpanel:MainPanel:Main_layout_destroyed' multiply
 defined.


LaTeX Warning: Label `Epigrass:cpanel:MainPanel:languageChange' multiply define
d.

))
\openout1 = `api.aux'.

LaTeX Font Info:    Checking defaults for OML/cmm/m/it on input line 61.
LaTeX Font Info:    ... okay on input line 61.
LaTeX Font Info:    Checking defaults for T1/cmr/m/n on input line 61.
LaTeX Font Info:    ... okay on input line 61.
LaTeX Font Info:    Checking defaults for OT1/cmr/m/n on input line 61.
LaTeX Font Info:    ... okay on input line 61.
LaTeX Font Info:    Checking defaults for OMS/cmsy/m/n on input line 61.
LaTeX Font Info:    ... okay on input line 61.
LaTeX Font Info:    Checking defaults for OMX/cmex/m/n on input line 61.
LaTeX Font Info:    ... okay on input line 61.
LaTeX Font Info:    Checking defaults for U/cmr/m/n on input line 61.
LaTeX Font Info:    ... okay on input line 61.
LaTeX Font Info:    Checking defaults for PD1/pdf/m/n on input line 61.
LaTeX Font Info:    ... okay on input line 61.
Package hyperref Info: Link coloring ON on input line 61.
 (/usr/share/texmf-tetex/tex/latex/hyperref/nameref.sty
Package: nameref 2003/12/03 v2.21 Cross-referencing by name of section
\c@section@level=\count98
)
LaTeX Info: Redefining \ref on input line 61.
LaTeX Info: Redefining \pageref on input line 61.
 (./api.out)
(./api.out)
\openout3 = `api.out'.

LaTeX Font Info:    Try loading font information for U+msa on input line 76.
 (/usr/share/texmf-tetex/tex/latex/amsfonts/umsa.fd
File: umsa.fd 2002/01/19 v2.2g AMS font definitions
)
LaTeX Font Info:    Try loading font information for U+msb on input line 76.

(/usr/share/texmf-tetex/tex/latex/amsfonts/umsb.fd
File: umsb.fd 2002/01/19 v2.2g AMS font definitions
) (./api.toc [1

] [2])
\tf@toc=\write5
\openout5 = `api.toc'.


[3]
\openout2 = `Epigrass-module.aux'.

 (./Epigrass-module.tex
LaTeX Font Info:    Try loading font information for OMS+cmr on input line 26.
 (/usr/share/texmf-tetex/tex/latex/base/omscmr.fd
File: omscmr.fd 1999/05/25 v2.5h Standard LaTeX font definitions
)
LaTeX Font Info:    Font shape `OMS/cmr/m/n' in size <10> not available
(Font)              Font shape `OMS/cmsy/m/n' tried instead on input line 26.
)
[4

]
\openout2 = `Epigrass.CustomModel-module.aux'.

 (./Epigrass.CustomModel-module.tex) [5


]
\openout2 = `Epigrass.about-module.aux'.

 (./Epigrass.about-module.tex
LaTeX Font Info:    Try loading font information for OMS+cmtt on input line 30.


(/usr/share/texmf/tex/latex/R/omscmtt.fd
File: omscmtt.fd 
)
LaTeX Font Info:    Font shape `OMS/cmtt/m/n' in size <10> not available
(Font)              Font shape `OMS/cmsy/m/n' tried instead on input line 30.
) [6


]
\openout2 = `Epigrass.cpanel-module.aux'.

 (./Epigrass.cpanel-module.tex)
[7


]
\openout2 = `Epigrass.dataObject-module.aux'.

 (./Epigrass.dataObject-module.tex) [8


]
\openout2 = `Epigrass.data_io-module.aux'.

 (./Epigrass.data_io-module.tex)
[9


]
\openout2 = `Epigrass.dgraph-module.aux'.

 (./Epigrass.dgraph-module.tex [10


] [11]) [12]
\openout2 = `Epigrass.epigrass-module.aux'.


(./Epigrass.epigrass-module.tex
LaTeX Font Info:    Try loading font information for OML+cmr on input line 149.


(/usr/share/texmf-tetex/tex/latex/base/omlcmr.fd
File: omlcmr.fd 1999/05/25 v2.5h Standard LaTeX font definitions
)
LaTeX Font Info:    Font shape `OML/cmr/m/n' in size <10> not available
(Font)              Font shape `OML/cmm/m/it' tried instead on input line 149.
 [13


] [14]
LaTeX Font Info:    Font shape `OT1/cmtt/bx/n' in size <9> not available
(Font)              Font shape `OT1/cmtt/m/n' tried instead on input line 510.
LaTeX Font Info:    Try loading font information for OML+cmtt on input line 510
.
LaTeX Font Info:    No file OMLcmtt.fd. on input line 510.


LaTeX Font Warning: Font shape `OML/cmtt/bx/n' undefined
(Font)              using `OML/cmm/m/it' instead
(Font)              for symbol `textgreater' on input line 510.

) [15]
\openout2 = `Epigrass.epiplay-module.aux'.

 (./Epigrass.epiplay-module.tex) [16


] [17]
\openout2 = `Epigrass.manager-module.aux'.

 (./Epigrass.manager-module.tex [18


] [19]) [20]
\openout2 = `Epigrass.report-module.aux'.

 (./Epigrass.report-module.tex [21


]) [22]
\openout2 = `Epigrass.rinterface-module.aux'.


(./Epigrass.rinterface-module.tex) [23


]
\openout2 = `Epigrass.simobj-module.aux'.

 (./Epigrass.simobj-module.tex [24


]
[25] [26] [27] [28] [29] [30] [31] [32] [33] [34] [35] [36] [37] [38]

LaTeX Font Warning: Font shape `OML/cmtt/m/n' undefined
(Font)              using `OML/cmm/m/it' instead
(Font)              for symbol `textless' on input line 2906.

) [39]
\openout2 = `Epigrass.spread-module.aux'.

 (./Epigrass.spread-module.tex) [40


]
\openout2 = `Epigrass.testinst-module.aux'.

 (./Epigrass.testinst-module.tex
[41


] [42] [43]) [44]
\openout2 = `epigrass-module.aux'.

 (./epigrass-module.tex [45


] [46]) [47] (./api.ind
Overfull \hbox (9.57259pt too wide) in paragraph at lines 46--48
[]| \OT1/cmr/m/n/10 epi-grass.MainPanel[]Impl.chooseScript \OT1/cmr/m/it/10 (me
thod)\OT1/cmr/m/n/10 ,
 []


Overfull \hbox (8.46147pt too wide) in paragraph at lines 52--54
[]| \OT1/cmr/m/n/10 epi-grass.MainPanel[]Impl.getVariables \OT1/cmr/m/it/10 (me
thod)\OT1/cmr/m/n/10 ,
 []


Overfull \hbox (1.71147pt too wide) in paragraph at lines 56--58
[]| \OT1/cmr/m/n/10 epi-grass.MainPanel[]Impl.loadRcFile \OT1/cmr/m/it/10 (meth
od)\OT1/cmr/m/n/10 ,
 []


Overfull \hbox (10.76703pt too wide) in paragraph at lines 58--60
[]| \OT1/cmr/m/n/10 epi-grass.MainPanel[]Impl.onConsensus \OT1/cmr/m/it/10 (met
hod)\OT1/cmr/m/n/10 ,
 []


Overfull \hbox (11.43375pt too wide) in paragraph at lines 60--62
[]| \OT1/cmr/m/n/10 epi-grass.MainPanel[]Impl.onDbBackup \OT1/cmr/m/it/10 (meth
od)\OT1/cmr/m/n/10 ,
 []


Overfull \hbox (8.46152pt too wide) in paragraph at lines 62--64
[]| \OT1/cmr/m/n/10 epi-grass.MainPanel[]Impl.onDbInfo \OT1/cmr/m/it/10 (method
)\OT1/cmr/m/n/10 , [][][][][][] 
 []


Overfull \hbox (16.156pt too wide) in paragraph at lines 68--70
[]| \OT1/cmr/m/n/10 epi-grass.MainPanel[]Impl.onPlayButton \OT1/cmr/m/it/10 (me
thod)\OT1/cmr/m/n/10 ,
 []


Overfull \hbox (6.5726pt too wide) in paragraph at lines 70--72
[]| \OT1/cmr/m/n/10 epi-grass.MainPanel[]Impl.onRepOpen \OT1/cmr/m/it/10 (metho
d)\OT1/cmr/m/n/10 ,
 []


Overfull \hbox (13.12817pt too wide) in paragraph at lines 74--76
[]| \OT1/cmr/m/n/10 epi-grass.MainPanel[]Impl.onRunFuture \OT1/cmr/m/it/10 (met
hod)\OT1/cmr/m/n/10 ,
 []


Overfull \hbox (5.60039pt too wide) in paragraph at lines 76--78
[]| \OT1/cmr/m/n/10 epi-grass.MainPanel[]Impl.onVisual \OT1/cmr/m/it/10 (method
)\OT1/cmr/m/n/10 , [][][][][][] 
 []


Overfull \hbox (2.58647pt too wide) in paragraph at lines 78--80
[]| \OT1/cmr/m/n/10 epi-grass.MainPanel[]Impl.readGui \OT1/cmr/m/it/10 (method)
\OT1/cmr/m/n/10 , [][][][][][] 
 []


Overfull \hbox (3.82257pt too wide) in paragraph at lines 80--82
[]| \OT1/cmr/m/n/10 epi-grass.MainPanel[]Impl.repRuns \OT1/cmr/m/it/10 (method)
\OT1/cmr/m/n/10 , [][][][][][] 
 []


Overfull \hbox (4.12813pt too wide) in paragraph at lines 82--84
[]| \OT1/cmr/m/n/10 epi-grass.MainPanel[]Impl.setBackend \OT1/cmr/m/it/10 (meth
od)\OT1/cmr/m/n/10 ,
 []

[48


]
Overfull \hbox (2.02274pt too wide) in paragraph at lines 161--163
[]| \OT1/cmr/m/n/10 Epi-grass.simobj.priorityDictionary \OT1/cmr/m/it/10 (class
)\OT1/cmr/m/n/10 , [][][][][][]--
 []


Overfull \hbox (2.66151pt too wide) in paragraph at lines 200--202
[]\OT1/cmr/m/n/10 unittest.TestCase.failIfAlmostEqual \OT1/cmr/m/it/10 (func-ti
on)\OT1/cmr/m/n/10 , [][][][][][], [][][][][][] 
 []


Overfull \hbox (11.71706pt too wide) in paragraph at lines 206--208
[]\OT1/cmr/m/n/10 unittest.TestCase.failUnlessAlmostEqual \OT1/cmr/m/it/10 (fun
c-tion)\OT1/cmr/m/n/10 , [][][][][][],
 []

[49

]) (./api.aux (./Epigrass-module.aux) (./Epigrass.CustomModel-module.aux)
(./Epigrass.about-module.aux) (./Epigrass.cpanel-module.aux)
(./Epigrass.dataObject-module.aux) (./Epigrass.data_io-module.aux)
(./Epigrass.dgraph-module.aux) (./Epigrass.epigrass-module.aux)
(./Epigrass.epiplay-module.aux) (./Epigrass.manager-module.aux)
(./Epigrass.report-module.aux) (./Epigrass.rinterface-module.aux)
(./Epigrass.simobj-module.aux) (./Epigrass.spread-module.aux)
(./Epigrass.testinst-module.aux) (./epigrass-module.aux))

LaTeX Font Warning: Some font shapes were not available, defaults substituted.


LaTeX Warning: There were multiply-defined labels.

 ) 
Here is how much of TeX's memory you used:
 3695 strings out of 94501
 58519 string characters out of 1175811
 130328 words of memory out of 1000000
 6691 multiletter control sequences out of 10000+50000
 13548 words of font info for 52 fonts, out of 500000 for 2000
 580 hyphenation exceptions out of 8191
 36i,12n,43p,394b,286s stack positions out of 1500i,500n,5000p,200000b,5000s

Output written on api.dvi (49 pages, 268584 bytes).
