\BOOKMARK [1][-]{section*.2}{Contents}{}
\BOOKMARK [1][-]{section.1}{Package Epigrass}{}
\BOOKMARK [2][-]{subsection.1.1}{Modules}{section.1}
\BOOKMARK [1][-]{section.2}{Module Epigrass.CustomModel}{}
\BOOKMARK [2][-]{subsection.2.1}{Functions}{section.2}
\BOOKMARK [1][-]{section.3}{Module Epigrass.about}{}
\BOOKMARK [2][-]{subsection.3.1}{Variables}{section.3}
\BOOKMARK [2][-]{subsection.3.2}{Class aboutDialog}{section.3}
\BOOKMARK [3][-]{subsubsection.3.2.1}{Methods}{subsection.3.2}
\BOOKMARK [1][-]{section.4}{Module Epigrass.cpanel}{}
\BOOKMARK [2][-]{subsection.4.1}{Variables}{section.4}
\BOOKMARK [2][-]{subsection.4.2}{Class MainPanel}{section.4}
\BOOKMARK [3][-]{subsubsection.4.2.1}{Methods}{subsection.4.2}
\BOOKMARK [1][-]{section.5}{Module Epigrass.dataObject}{}
\BOOKMARK [2][-]{subsection.5.1}{Functions}{section.5}
\BOOKMARK [2][-]{subsection.5.2}{Class Site}{section.5}
\BOOKMARK [3][-]{subsubsection.5.2.1}{Class Variables}{subsection.5.2}
\BOOKMARK [2][-]{subsection.5.3}{Class Edge}{section.5}
\BOOKMARK [3][-]{subsubsection.5.3.1}{Class Variables}{subsection.5.3}
\BOOKMARK [1][-]{section.6}{Module Epigrass.data\137io}{}
\BOOKMARK [2][-]{subsection.6.1}{Functions}{section.6}
\BOOKMARK [1][-]{section.7}{Module Epigrass.dgraph}{}
\BOOKMARK [2][-]{subsection.7.1}{Variables}{section.7}
\BOOKMARK [2][-]{subsection.7.2}{Class Node}{section.7}
\BOOKMARK [3][-]{subsubsection.7.2.1}{Methods}{subsection.7.2}
\BOOKMARK [3][-]{subsubsection.7.2.2}{Class Variables}{subsection.7.2}
\BOOKMARK [2][-]{subsection.7.3}{Class RubberEdge}{section.7}
\BOOKMARK [3][-]{subsubsection.7.3.1}{Methods}{subsection.7.3}
\BOOKMARK [2][-]{subsection.7.4}{Class Graph}{section.7}
\BOOKMARK [3][-]{subsubsection.7.4.1}{Methods}{subsection.7.4}
\BOOKMARK [2][-]{subsection.7.5}{Class Map}{section.7}
\BOOKMARK [3][-]{subsubsection.7.5.1}{Methods}{subsection.7.5}
\BOOKMARK [1][-]{section.8}{Module Epigrass.epigrass}{}
\BOOKMARK [2][-]{subsection.8.1}{Functions}{section.8}
\BOOKMARK [2][-]{subsection.8.2}{Class MainPanel\137Impl}{section.8}
\BOOKMARK [3][-]{subsubsection.8.2.1}{Methods}{subsection.8.2}
\BOOKMARK [2][-]{subsection.8.3}{Class Future}{section.8}
\BOOKMARK [3][-]{subsubsection.8.3.1}{Methods}{subsection.8.3}
\BOOKMARK [1][-]{section.9}{Module Epigrass.epiplay}{}
\BOOKMARK [2][-]{subsection.9.1}{Class viewer}{section.9}
\BOOKMARK [3][-]{subsubsection.9.1.1}{Methods}{subsection.9.1}
\BOOKMARK [1][-]{section.10}{Module Epigrass.manager}{}
\BOOKMARK [2][-]{subsection.10.1}{Functions}{section.10}
\BOOKMARK [2][-]{subsection.10.2}{Class simulate}{section.10}
\BOOKMARK [3][-]{subsubsection.10.2.1}{Methods}{subsection.10.2}
\BOOKMARK [2][-]{subsection.10.3}{Class Bunch}{section.10}
\BOOKMARK [3][-]{subsubsection.10.3.1}{Methods}{subsection.10.3}
\BOOKMARK [2][-]{subsection.10.4}{Class Tree}{section.10}
\BOOKMARK [3][-]{subsubsection.10.4.1}{Methods}{subsection.10.4}
\BOOKMARK [1][-]{section.11}{Module Epigrass.report}{}
\BOOKMARK [2][-]{subsection.11.1}{Variables}{section.11}
\BOOKMARK [2][-]{subsection.11.2}{Class report}{section.11}
\BOOKMARK [3][-]{subsubsection.11.2.1}{Methods}{subsection.11.2}
\BOOKMARK [1][-]{section.12}{Module Epigrass.rinterface}{}
\BOOKMARK [2][-]{subsection.12.1}{Functions}{section.12}
\BOOKMARK [1][-]{section.13}{Module Epigrass.simobj}{}
\BOOKMARK [2][-]{subsection.13.1}{Class siteobj}{section.13}
\BOOKMARK [3][-]{subsubsection.13.1.1}{Methods}{subsection.13.1}
\BOOKMARK [2][-]{subsection.13.2}{Class popmodels}{section.13}
\BOOKMARK [3][-]{subsubsection.13.2.1}{Methods}{subsection.13.2}
\BOOKMARK [2][-]{subsection.13.3}{Class edge}{section.13}
\BOOKMARK [3][-]{subsubsection.13.3.1}{Methods}{subsection.13.3}
\BOOKMARK [2][-]{subsection.13.4}{Class graph}{section.13}
\BOOKMARK [3][-]{subsubsection.13.4.1}{Methods}{subsection.13.4}
\BOOKMARK [2][-]{subsection.13.5}{Class line}{section.13}
\BOOKMARK [3][-]{subsubsection.13.5.1}{Methods}{subsection.13.5}
\BOOKMARK [2][-]{subsection.13.6}{Class area}{section.13}
\BOOKMARK [3][-]{subsubsection.13.6.1}{Methods}{subsection.13.6}
\BOOKMARK [2][-]{subsection.13.7}{Class priorityDictionary}{section.13}
\BOOKMARK [3][-]{subsubsection.13.7.1}{Methods}{subsection.13.7}
\BOOKMARK [3][-]{subsubsection.13.7.2}{Properties}{subsection.13.7}
\BOOKMARK [1][-]{section.14}{Module Epigrass.spread}{}
\BOOKMARK [2][-]{subsection.14.1}{Class Spread}{section.14}
\BOOKMARK [3][-]{subsubsection.14.1.1}{Methods}{subsection.14.1}
\BOOKMARK [2][-]{subsection.14.2}{Class Consensus}{section.14}
\BOOKMARK [3][-]{subsubsection.14.2.1}{Methods}{subsection.14.2}
\BOOKMARK [1][-]{section.15}{Module Epigrass.testinst}{}
\BOOKMARK [2][-]{subsection.15.1}{Class testObjInstantiation}{section.15}
\BOOKMARK [3][-]{subsubsection.15.1.1}{Methods}{subsection.15.1}
\BOOKMARK [1][-]{section.16}{Module epigrass}{}
\BOOKMARK [2][-]{subsection.16.1}{Functions}{section.16}
\BOOKMARK [2][-]{subsection.16.2}{Class MainPanel\137Impl}{section.16}
\BOOKMARK [3][-]{subsubsection.16.2.1}{Methods}{subsection.16.2}
\BOOKMARK [2][-]{subsection.16.3}{Class Future}{section.16}
\BOOKMARK [3][-]{subsubsection.16.3.1}{Methods}{subsection.16.3}
\BOOKMARK [1][-]{section*.4}{Index}{}
